build/app/intermediates/manifest_merge_blame_file/release/manifest-merger-blame-release-report.txt
1<?xml version="1.0" encoding="utf-8"?>
2<manifest xmlns:android="http://schemas.android.com/apk/res/android"
3    package="com.app.ebuzz"
4    android:versionCode="1"
5    android:versionName="1.0.0" >
6
7    <uses-sdk
8        android:minSdkVersion="21"
8-->src\main\AndroidManifest.xml
9        android:targetSdkVersion="30" />
9-->src\main\AndroidManifest.xml
10
11    <uses-permission android:name="android.permission.INTERNET" />
11-->src\main\AndroidManifest.xml:3:5-66
11-->src\main\AndroidManifest.xml:3:22-64
12    <uses-permission android:name="android.permission.WRITE_EXTERNAL_STORAGE" />
12-->src\main\AndroidManifest.xml:4:5-80
12-->src\main\AndroidManifest.xml:4:22-78
13    <uses-permission android:name="android.permission.READ_EXTERNAL_STORAGE" />
13-->src\main\AndroidManifest.xml:5:5-79
13-->src\main\AndroidManifest.xml:5:22-77
14    <uses-permission android:name="android.permission.CAMERA" />
14-->[:flutter_barcode_scanner] AndroidManifest.xml:9:5-65
14-->[:flutter_barcode_scanner] AndroidManifest.xml:9:22-62
15
16    <uses-feature android:name="android.hardware.camera" />
16-->[:flutter_barcode_scanner] AndroidManifest.xml:11:5-60
16-->[:flutter_barcode_scanner] AndroidManifest.xml:11:19-57
17
18    <uses-permission android:name="android.permission.FLASHLIGHT" />
18-->[:flutter_barcode_scanner] AndroidManifest.xml:13:5-69
18-->[:flutter_barcode_scanner] AndroidManifest.xml:13:22-66
19    <uses-permission android:name="android.permission.RECEIVE_BOOT_COMPLETED" />
19-->[:flutter_local_notifications] AndroidManifest.xml:9:5-81
19-->[:flutter_local_notifications] AndroidManifest.xml:9:22-78
20    <uses-permission android:name="android.permission.VIBRATE" />
20-->[:flutter_local_notifications] AndroidManifest.xml:10:5-66
20-->[:flutter_local_notifications] AndroidManifest.xml:10:22-63
21    <uses-permission android:name="android.permission.USE_FULL_SCREEN_INTENT" />
21-->[:flutter_local_notifications] AndroidManifest.xml:11:5-81
21-->[:flutter_local_notifications] AndroidManifest.xml:11:22-78
22    <uses-permission android:name="android.permission.SCHEDULE_EXACT_ALARM" />
22-->[:flutter_local_notifications] AndroidManifest.xml:12:5-79
22-->[:flutter_local_notifications] AndroidManifest.xml:12:22-76
23    <uses-permission android:name="android.permission.WAKE_LOCK" />
23-->[androidx.work:work-runtime:2.2.0] AndroidManifest.xml:25:5-68
23-->[androidx.work:work-runtime:2.2.0] AndroidManifest.xml:25:22-65
24    <uses-permission android:name="android.permission.ACCESS_NETWORK_STATE" />
24-->[androidx.work:work-runtime:2.2.0] AndroidManifest.xml:26:5-79
24-->[androidx.work:work-runtime:2.2.0] AndroidManifest.xml:26:22-76
25
26    <application
26-->src\main\AndroidManifest.xml:6:4-44:19
27        android:appComponentFactory="androidx.core.app.CoreComponentFactory"
27-->[androidx.core:core:1.8.0] AndroidManifest.xml:24:18-86
28        android:icon="@mipmap/launcher_icon"
28-->src\main\AndroidManifest.xml:8:9-45
29        android:label="ERP"
29-->src\main\AndroidManifest.xml:7:9-28
30        android:largeHeap="true"
30-->[:flutter_barcode_scanner] AndroidManifest.xml:16:9-33
31        android:theme="@style/Theme.AppCompat.NoActionBar" >
31-->[:flutter_barcode_scanner] AndroidManifest.xml:17:9-59
32        <activity
32-->src\main\AndroidManifest.xml:9:9-38:20
33            android:name="com.app.ebuzz.MainActivity"
33-->src\main\AndroidManifest.xml:10:13-54
34            android:configChanges="orientation|keyboardHidden|keyboard|screenSize|smallestScreenSize|locale|layoutDirection|fontScale|screenLayout|density|uiMode"
34-->src\main\AndroidManifest.xml:14:13-163
35            android:exported="true"
35-->src\main\AndroidManifest.xml:11:13-36
36            android:hardwareAccelerated="true"
36-->src\main\AndroidManifest.xml:15:13-47
37            android:launchMode="singleTop"
37-->src\main\AndroidManifest.xml:12:13-43
38            android:theme="@style/LaunchTheme"
38-->src\main\AndroidManifest.xml:13:13-47
39            android:windowSoftInputMode="adjustResize" >
39-->src\main\AndroidManifest.xml:16:13-55
40
41            <!--
42                 Specifies an Android theme to apply to this Activity as soon as
43                 the Android process has started. This theme is visible to the user
44                 while the Flutter UI initializes. After that, this theme continues
45                 to determine the Window background behind the Flutter UI.
46            -->
47            <meta-data
47-->src\main\AndroidManifest.xml:21:13-24:17
48                android:name="io.flutter.embedding.android.NormalTheme"
48-->src\main\AndroidManifest.xml:22:15-70
49                android:resource="@style/NormalTheme" />
49-->src\main\AndroidManifest.xml:23:15-52
50            <!--
51                 Displays an Android View that continues showing the launch screen
52                 Drawable until Flutter paints its first frame, then this splash
53                 screen fades out. A splash screen is useful to avoid any visual
54                 gap between the end of Android's launch screen and the painting of
55                 Flutter's first frame.
56            -->
57            <meta-data
57-->src\main\AndroidManifest.xml:30:13-33:17
58                android:name="io.flutter.embedding.android.SplashScreenDrawable"
58-->src\main\AndroidManifest.xml:31:15-79
59                android:resource="@drawable/launch_background" />
59-->src\main\AndroidManifest.xml:32:15-61
60
61            <intent-filter>
61-->src\main\AndroidManifest.xml:34:13-37:29
62                <action android:name="android.intent.action.MAIN" />
62-->src\main\AndroidManifest.xml:35:17-68
62-->src\main\AndroidManifest.xml:35:25-66
63
64                <category android:name="android.intent.category.LAUNCHER" />
64-->src\main\AndroidManifest.xml:36:17-76
64-->src\main\AndroidManifest.xml:36:27-74
65            </intent-filter>
66        </activity>
67        <!--
68             Don't delete the meta-data below.
69             This is used by the Flutter tool to generate GeneratedPluginRegistrant.java
70        -->
71        <meta-data
71-->src\main\AndroidManifest.xml:41:9-43:33
72            android:name="flutterEmbedding"
72-->src\main\AndroidManifest.xml:42:13-44
73            android:value="2" />
73-->src\main\AndroidManifest.xml:43:13-30
74
75        <provider
75-->[:flutter_email_sender] AndroidManifest.xml:10:9-18:20
76            android:name="com.sidlatau.flutteremailsender.FlutterEmailSenderFileProvider"
76-->[:flutter_email_sender] AndroidManifest.xml:11:13-90
77            android:authorities="com.app.ebuzz.file_provider"
77-->[:flutter_email_sender] AndroidManifest.xml:12:13-65
78            android:exported="false"
78-->[:flutter_email_sender] AndroidManifest.xml:13:13-37
79            android:grantUriPermissions="true" >
79-->[:flutter_email_sender] AndroidManifest.xml:14:13-47
80            <meta-data
80-->[:flutter_email_sender] AndroidManifest.xml:15:13-17:61
81                android:name="android.support.FILE_PROVIDER_PATHS"
81-->[:flutter_email_sender] AndroidManifest.xml:16:17-67
82                android:resource="@xml/shared_file_paths" />
82-->[:flutter_email_sender] AndroidManifest.xml:17:17-58
83        </provider>
84
85        <activity android:name="com.amolg.flutterbarcodescanner.BarcodeCaptureActivity" />
85-->[:flutter_barcode_scanner] AndroidManifest.xml:18:9-91
85-->[:flutter_barcode_scanner] AndroidManifest.xml:18:19-88
86
87        <provider
87-->[:image_picker_android] AndroidManifest.xml:10:9-18:20
88            android:name="io.flutter.plugins.imagepicker.ImagePickerFileProvider"
88-->[:image_picker_android] AndroidManifest.xml:11:13-82
89            android:authorities="com.app.ebuzz.flutter.image_provider"
89-->[:image_picker_android] AndroidManifest.xml:12:13-74
90            android:exported="false"
90-->[:image_picker_android] AndroidManifest.xml:13:13-37
91            android:grantUriPermissions="true" >
91-->[:image_picker_android] AndroidManifest.xml:14:13-47
92            <meta-data
92-->[:flutter_email_sender] AndroidManifest.xml:15:13-17:61
93                android:name="android.support.FILE_PROVIDER_PATHS"
93-->[:flutter_email_sender] AndroidManifest.xml:16:17-67
94                android:resource="@xml/flutter_image_picker_file_paths" />
94-->[:flutter_email_sender] AndroidManifest.xml:17:17-58
95        </provider>
96
97        <receiver
97-->[:flutter_local_notifications] AndroidManifest.xml:15:9-17:40
98            android:name="com.dexterous.flutterlocalnotifications.ScheduledNotificationReceiver"
98-->[:flutter_local_notifications] AndroidManifest.xml:16:13-97
99            android:exported="false" />
99-->[:flutter_local_notifications] AndroidManifest.xml:17:13-37
100        <receiver
100-->[:flutter_local_notifications] AndroidManifest.xml:18:9-27:20
101            android:name="com.dexterous.flutterlocalnotifications.ScheduledNotificationBootReceiver"
101-->[:flutter_local_notifications] AndroidManifest.xml:19:13-101
102            android:exported="false" >
102-->[:flutter_local_notifications] AndroidManifest.xml:20:13-37
103            <intent-filter>
103-->[:flutter_local_notifications] AndroidManifest.xml:21:13-26:29
104                <action android:name="android.intent.action.BOOT_COMPLETED" />
104-->[:flutter_local_notifications] AndroidManifest.xml:22:17-79
104-->[:flutter_local_notifications] AndroidManifest.xml:22:25-76
105                <action android:name="android.intent.action.MY_PACKAGE_REPLACED" />
105-->[:flutter_local_notifications] AndroidManifest.xml:23:17-84
105-->[:flutter_local_notifications] AndroidManifest.xml:23:25-81
106                <action android:name="android.intent.action.QUICKBOOT_POWERON" />
106-->[:flutter_local_notifications] AndroidManifest.xml:24:17-82
106-->[:flutter_local_notifications] AndroidManifest.xml:24:25-79
107                <action android:name="com.htc.intent.action.QUICKBOOT_POWERON" />
107-->[:flutter_local_notifications] AndroidManifest.xml:25:17-82
107-->[:flutter_local_notifications] AndroidManifest.xml:25:25-79
108            </intent-filter>
109        </receiver>
110
111        <uses-library
111-->[androidx.window:window:1.0.0-beta04] AndroidManifest.xml:25:9-27:40
112            android:name="androidx.window.extensions"
112-->[androidx.window:window:1.0.0-beta04] AndroidManifest.xml:26:13-54
113            android:required="false" />
113-->[androidx.window:window:1.0.0-beta04] AndroidManifest.xml:27:13-37
114        <uses-library
114-->[androidx.window:window:1.0.0-beta04] AndroidManifest.xml:28:9-30:40
115            android:name="androidx.window.sidecar"
115-->[androidx.window:window:1.0.0-beta04] AndroidManifest.xml:29:13-51
116            android:required="false" />
116-->[androidx.window:window:1.0.0-beta04] AndroidManifest.xml:30:13-37
117
118        <provider
118-->[androidx.work:work-runtime:2.2.0] AndroidManifest.xml:30:9-36:35
119            android:name="androidx.work.impl.WorkManagerInitializer"
119-->[androidx.work:work-runtime:2.2.0] AndroidManifest.xml:31:13-69
120            android:authorities="com.app.ebuzz.workmanager-init"
120-->[androidx.work:work-runtime:2.2.0] AndroidManifest.xml:32:13-68
121            android:directBootAware="false"
121-->[androidx.work:work-runtime:2.2.0] AndroidManifest.xml:33:13-44
122            android:exported="false"
122-->[androidx.work:work-runtime:2.2.0] AndroidManifest.xml:34:13-37
123            android:multiprocess="true" />
123-->[androidx.work:work-runtime:2.2.0] AndroidManifest.xml:35:13-40
124
125        <service
125-->[androidx.work:work-runtime:2.2.0] AndroidManifest.xml:38:9-43:35
126            android:name="androidx.work.impl.background.systemalarm.SystemAlarmService"
126-->[androidx.work:work-runtime:2.2.0] AndroidManifest.xml:39:13-88
127            android:directBootAware="false"
127-->[androidx.work:work-runtime:2.2.0] AndroidManifest.xml:40:13-44
128            android:enabled="@bool/enable_system_alarm_service_default"
128-->[androidx.work:work-runtime:2.2.0] AndroidManifest.xml:41:13-72
129            android:exported="false" />
129-->[androidx.work:work-runtime:2.2.0] AndroidManifest.xml:42:13-37
130        <service
130-->[androidx.work:work-runtime:2.2.0] AndroidManifest.xml:44:9-50:35
131            android:name="androidx.work.impl.background.systemjob.SystemJobService"
131-->[androidx.work:work-runtime:2.2.0] AndroidManifest.xml:45:13-84
132            android:directBootAware="false"
132-->[androidx.work:work-runtime:2.2.0] AndroidManifest.xml:46:13-44
133            android:enabled="@bool/enable_system_job_service_default"
133-->[androidx.work:work-runtime:2.2.0] AndroidManifest.xml:47:13-70
134            android:exported="true"
134-->[androidx.work:work-runtime:2.2.0] AndroidManifest.xml:48:13-36
135            android:permission="android.permission.BIND_JOB_SERVICE" />
135-->[androidx.work:work-runtime:2.2.0] AndroidManifest.xml:49:13-69
136
137        <receiver
137-->[androidx.work:work-runtime:2.2.0] AndroidManifest.xml:52:9-57:35
138            android:name="androidx.work.impl.utils.ForceStopRunnable$BroadcastReceiver"
138-->[androidx.work:work-runtime:2.2.0] AndroidManifest.xml:53:13-88
139            android:directBootAware="false"
139-->[androidx.work:work-runtime:2.2.0] AndroidManifest.xml:54:13-44
140            android:enabled="true"
140-->[androidx.work:work-runtime:2.2.0] AndroidManifest.xml:55:13-35
141            android:exported="false" />
141-->[androidx.work:work-runtime:2.2.0] AndroidManifest.xml:56:13-37
142        <receiver
142-->[androidx.work:work-runtime:2.2.0] AndroidManifest.xml:58:9-68:20
143            android:name="androidx.work.impl.background.systemalarm.ConstraintProxy$BatteryChargingProxy"
143-->[androidx.work:work-runtime:2.2.0] AndroidManifest.xml:59:13-106
144            android:directBootAware="false"
144-->[androidx.work:work-runtime:2.2.0] AndroidManifest.xml:60:13-44
145            android:enabled="false"
145-->[androidx.work:work-runtime:2.2.0] AndroidManifest.xml:61:13-36
146            android:exported="false" >
146-->[androidx.work:work-runtime:2.2.0] AndroidManifest.xml:62:13-37
147            <intent-filter>
147-->[androidx.work:work-runtime:2.2.0] AndroidManifest.xml:64:13-67:29
148                <action android:name="android.intent.action.ACTION_POWER_CONNECTED" />
148-->[androidx.work:work-runtime:2.2.0] AndroidManifest.xml:65:17-87
148-->[androidx.work:work-runtime:2.2.0] AndroidManifest.xml:65:25-84
149                <action android:name="android.intent.action.ACTION_POWER_DISCONNECTED" />
149-->[androidx.work:work-runtime:2.2.0] AndroidManifest.xml:66:17-90
149-->[androidx.work:work-runtime:2.2.0] AndroidManifest.xml:66:25-87
150            </intent-filter>
151        </receiver>
152        <receiver
152-->[androidx.work:work-runtime:2.2.0] AndroidManifest.xml:69:9-79:20
153            android:name="androidx.work.impl.background.systemalarm.ConstraintProxy$BatteryNotLowProxy"
153-->[androidx.work:work-runtime:2.2.0] AndroidManifest.xml:70:13-104
154            android:directBootAware="false"
154-->[androidx.work:work-runtime:2.2.0] AndroidManifest.xml:71:13-44
155            android:enabled="false"
155-->[androidx.work:work-runtime:2.2.0] AndroidManifest.xml:72:13-36
156            android:exported="false" >
156-->[androidx.work:work-runtime:2.2.0] AndroidManifest.xml:73:13-37
157            <intent-filter>
157-->[androidx.work:work-runtime:2.2.0] AndroidManifest.xml:75:13-78:29
158                <action android:name="android.intent.action.BATTERY_OKAY" />
158-->[androidx.work:work-runtime:2.2.0] AndroidManifest.xml:76:17-77
158-->[androidx.work:work-runtime:2.2.0] AndroidManifest.xml:76:25-74
159                <action android:name="android.intent.action.BATTERY_LOW" />
159-->[androidx.work:work-runtime:2.2.0] AndroidManifest.xml:77:17-76
159-->[androidx.work:work-runtime:2.2.0] AndroidManifest.xml:77:25-73
160            </intent-filter>
161        </receiver>
162        <receiver
162-->[androidx.work:work-runtime:2.2.0] AndroidManifest.xml:80:9-90:20
163            android:name="androidx.work.impl.background.systemalarm.ConstraintProxy$StorageNotLowProxy"
163-->[androidx.work:work-runtime:2.2.0] AndroidManifest.xml:81:13-104
164            android:directBootAware="false"
164-->[androidx.work:work-runtime:2.2.0] AndroidManifest.xml:82:13-44
165            android:enabled="false"
165-->[androidx.work:work-runtime:2.2.0] AndroidManifest.xml:83:13-36
166            android:exported="false" >
166-->[androidx.work:work-runtime:2.2.0] AndroidManifest.xml:84:13-37
167            <intent-filter>
167-->[androidx.work:work-runtime:2.2.0] AndroidManifest.xml:86:13-89:29
168                <action android:name="android.intent.action.DEVICE_STORAGE_LOW" />
168-->[androidx.work:work-runtime:2.2.0] AndroidManifest.xml:87:17-83
168-->[androidx.work:work-runtime:2.2.0] AndroidManifest.xml:87:25-80
169                <action android:name="android.intent.action.DEVICE_STORAGE_OK" />
169-->[androidx.work:work-runtime:2.2.0] AndroidManifest.xml:88:17-82
169-->[androidx.work:work-runtime:2.2.0] AndroidManifest.xml:88:25-79
170            </intent-filter>
171        </receiver>
172        <receiver
172-->[androidx.work:work-runtime:2.2.0] AndroidManifest.xml:91:9-100:20
173            android:name="androidx.work.impl.background.systemalarm.ConstraintProxy$NetworkStateProxy"
173-->[androidx.work:work-runtime:2.2.0] AndroidManifest.xml:92:13-103
174            android:directBootAware="false"
174-->[androidx.work:work-runtime:2.2.0] AndroidManifest.xml:93:13-44
175            android:enabled="false"
175-->[androidx.work:work-runtime:2.2.0] AndroidManifest.xml:94:13-36
176            android:exported="false" >
176-->[androidx.work:work-runtime:2.2.0] AndroidManifest.xml:95:13-37
177            <intent-filter>
177-->[androidx.work:work-runtime:2.2.0] AndroidManifest.xml:97:13-99:29
178                <action android:name="android.net.conn.CONNECTIVITY_CHANGE" />
178-->[androidx.work:work-runtime:2.2.0] AndroidManifest.xml:98:17-79
178-->[androidx.work:work-runtime:2.2.0] AndroidManifest.xml:98:25-76
179            </intent-filter>
180        </receiver>
181        <receiver
181-->[androidx.work:work-runtime:2.2.0] AndroidManifest.xml:101:9-112:20
182            android:name="androidx.work.impl.background.systemalarm.RescheduleReceiver"
182-->[androidx.work:work-runtime:2.2.0] AndroidManifest.xml:102:13-88
183            android:directBootAware="false"
183-->[androidx.work:work-runtime:2.2.0] AndroidManifest.xml:103:13-44
184            android:enabled="false"
184-->[androidx.work:work-runtime:2.2.0] AndroidManifest.xml:104:13-36
185            android:exported="false" >
185-->[androidx.work:work-runtime:2.2.0] AndroidManifest.xml:105:13-37
186            <intent-filter>
186-->[androidx.work:work-runtime:2.2.0] AndroidManifest.xml:107:13-111:29
187                <action android:name="android.intent.action.BOOT_COMPLETED" />
187-->[:flutter_local_notifications] AndroidManifest.xml:22:17-79
187-->[:flutter_local_notifications] AndroidManifest.xml:22:25-76
188                <action android:name="android.intent.action.TIME_SET" />
188-->[androidx.work:work-runtime:2.2.0] AndroidManifest.xml:109:17-73
188-->[androidx.work:work-runtime:2.2.0] AndroidManifest.xml:109:25-70
189                <action android:name="android.intent.action.TIMEZONE_CHANGED" />
189-->[androidx.work:work-runtime:2.2.0] AndroidManifest.xml:110:17-81
189-->[androidx.work:work-runtime:2.2.0] AndroidManifest.xml:110:25-78
190            </intent-filter>
191        </receiver>
192        <receiver
192-->[androidx.work:work-runtime:2.2.0] AndroidManifest.xml:113:9-122:20
193            android:name="androidx.work.impl.background.systemalarm.ConstraintProxyUpdateReceiver"
193-->[androidx.work:work-runtime:2.2.0] AndroidManifest.xml:114:13-99
194            android:directBootAware="false"
194-->[androidx.work:work-runtime:2.2.0] AndroidManifest.xml:115:13-44
195            android:enabled="@bool/enable_system_alarm_service_default"
195-->[androidx.work:work-runtime:2.2.0] AndroidManifest.xml:116:13-72
196            android:exported="false" >
196-->[androidx.work:work-runtime:2.2.0] AndroidManifest.xml:117:13-37
197            <intent-filter>
197-->[androidx.work:work-runtime:2.2.0] AndroidManifest.xml:119:13-121:29
198                <action android:name="androidx.work.impl.background.systemalarm.UpdateProxies" />
198-->[androidx.work:work-runtime:2.2.0] AndroidManifest.xml:120:17-98
198-->[androidx.work:work-runtime:2.2.0] AndroidManifest.xml:120:25-95
199            </intent-filter>
200        </receiver>
201
202        <activity
202-->[com.google.android.gms:play-services-base:17.4.0] AndroidManifest.xml:23:9-26:75
203            android:name="com.google.android.gms.common.api.GoogleApiActivity"
203-->[com.google.android.gms:play-services-base:17.4.0] AndroidManifest.xml:24:13-79
204            android:exported="false"
204-->[com.google.android.gms:play-services-base:17.4.0] AndroidManifest.xml:25:13-37
205            android:theme="@android:style/Theme.Translucent.NoTitleBar" />
205-->[com.google.android.gms:play-services-base:17.4.0] AndroidManifest.xml:26:13-72
206
207        <meta-data
207-->[com.google.android.gms:play-services-basement:17.4.0] AndroidManifest.xml:23:9-25:69
208            android:name="com.google.android.gms.version"
208-->[com.google.android.gms:play-services-basement:17.4.0] AndroidManifest.xml:24:13-58
209            android:value="@integer/google_play_services_version" />
209-->[com.google.android.gms:play-services-basement:17.4.0] AndroidManifest.xml:25:13-66
210
211        <provider
211-->[androidx.emoji2:emoji2:1.0.0] AndroidManifest.xml:26:9-34:20
212            android:name="androidx.startup.InitializationProvider"
212-->[androidx.emoji2:emoji2:1.0.0] AndroidManifest.xml:27:13-67
213            android:authorities="com.app.ebuzz.androidx-startup"
213-->[androidx.emoji2:emoji2:1.0.0] AndroidManifest.xml:28:13-68
214            android:exported="false" >
214-->[androidx.emoji2:emoji2:1.0.0] AndroidManifest.xml:29:13-37
215            <meta-data
215-->[androidx.emoji2:emoji2:1.0.0] AndroidManifest.xml:31:13-33:52
216                android:name="androidx.emoji2.text.EmojiCompatInitializer"
216-->[androidx.emoji2:emoji2:1.0.0] AndroidManifest.xml:32:17-75
217                android:value="androidx.startup" />
217-->[androidx.emoji2:emoji2:1.0.0] AndroidManifest.xml:33:17-49
218            <meta-data
218-->[androidx.lifecycle:lifecycle-process:2.4.0] AndroidManifest.xml:31:13-33:52
219                android:name="androidx.lifecycle.ProcessLifecycleInitializer"
219-->[androidx.lifecycle:lifecycle-process:2.4.0] AndroidManifest.xml:32:17-78
220                android:value="androidx.startup" />
220-->[androidx.lifecycle:lifecycle-process:2.4.0] AndroidManifest.xml:33:17-49
221        </provider>
222
223        <service
223-->[androidx.room:room-runtime:2.1.0] AndroidManifest.xml:25:9-27:40
224            android:name="androidx.room.MultiInstanceInvalidationService"
224-->[androidx.room:room-runtime:2.1.0] AndroidManifest.xml:26:13-74
225            android:exported="false" />
225-->[androidx.room:room-runtime:2.1.0] AndroidManifest.xml:27:13-37
226    </application>
227
228</manifest>